0 info it worked if it ends with ok
1 verbose cli [ '/usr/local/bin/node', '/usr/local/bin/npm', 'install' ]
2 info using npm@3.3.6
3 info using node@v5.0.0
4 silly loadCurrentTree Starting
5 silly install loadCurrentTree
6 silly install readLocalPackageData
7 silly install normalizeTree
8 silly loadCurrentTree Finishing
9 silly loadIdealTree Starting
10 silly install loadIdealTree
11 silly cloneCurrentTree Starting
12 silly install cloneCurrentTreeToIdealTree
13 silly cloneCurrentTree Finishing
14 silly loadShrinkwrap Starting
15 silly install loadShrinkwrap
16 silly loadShrinkwrap Finishing
17 silly loadAllDepsIntoIdealTree Starting
18 silly install loadAllDepsIntoIdealTree
19 silly fetchNamedPackageData progress-tracker
20 silly mapToRegistry name progress-tracker
21 silly mapToRegistry using default registry
22 silly mapToRegistry registry https://registry.npmjs.org/
23 silly mapToRegistry uri https://registry.npmjs.org/progress-tracker
24 verbose request uri https://registry.npmjs.org/progress-tracker
25 verbose request no auth needed
26 info attempt registry request try #1 at 18:27:21
27 verbose request id f52fbd75f6f9a297
28 http request GET https://registry.npmjs.org/progress-tracker
29 info retry will retry, error on last attempt: Error: Hostname/IP doesn't match certificate's altnames: "Host: registry.npmjs.org. is not in the cert's altnames: DNS:*.row44.com, DNS:row44.com"
30 info attempt registry request try #2 at 18:27:33
31 http request GET https://registry.npmjs.org/progress-tracker
32 info retry will retry, error on last attempt: Error: Hostname/IP doesn't match certificate's altnames: "Host: registry.npmjs.org. is not in the cert's altnames: DNS:*.row44.com, DNS:row44.com"
33 info attempt registry request try #3 at 18:28:33
34 http request GET https://registry.npmjs.org/progress-tracker
35 silly fetchPackageMetaData Error: Hostname/IP doesn't match certificate's altnames: "Host: registry.npmjs.org. is not in the cert's altnames: DNS:*.row44.com, DNS:row44.com"
35 silly fetchPackageMetaData     at Object.checkServerIdentity (tls.js:201:15)
35 silly fetchPackageMetaData     at TLSSocket.<anonymous> (_tls_wrap.js:1050:29)
35 silly fetchPackageMetaData     at emitNone (events.js:67:13)
35 silly fetchPackageMetaData     at TLSSocket.emit (events.js:166:7)
35 silly fetchPackageMetaData     at TLSSocket._finishInit (_tls_wrap.js:581:8)
35 silly fetchPackageMetaData  error for progress-tracker@^1.0.0 { [Error: Hostname/IP doesn't match certificate's altnames: "Host: registry.npmjs.org. is not in the cert's altnames: DNS:*.row44.com, DNS:row44.com"]
35 silly fetchPackageMetaData   reason: 'Host: registry.npmjs.org. is not in the cert\'s altnames: DNS:*.row44.com, DNS:row44.com',
35 silly fetchPackageMetaData   host: 'registry.npmjs.org.',
35 silly fetchPackageMetaData   cert:
35 silly fetchPackageMetaData    { subject: { OU: 'Domain Control Validated', CN: '*.row44.com' },
35 silly fetchPackageMetaData      issuer:
35 silly fetchPackageMetaData       { C: 'US',
35 silly fetchPackageMetaData         ST: 'Arizona',
35 silly fetchPackageMetaData         L: 'Scottsdale',
35 silly fetchPackageMetaData         O: 'GoDaddy.com, Inc.',
35 silly fetchPackageMetaData         OU: 'http://certs.godaddy.com/repository/',
35 silly fetchPackageMetaData         CN: 'Go Daddy Secure Certificate Authority - G2' },
35 silly fetchPackageMetaData      subjectaltname: 'DNS:*.row44.com, DNS:row44.com',
35 silly fetchPackageMetaData      infoAccess: { 'OCSP - URI': [Object], 'CA Issuers - URI': [Object] },
35 silly fetchPackageMetaData      modulus: 'BB1726DAAD9DA8272263DFBB189533C80BC67D3846C217FE50BBB8FD918952CE008773B11480E5D9828EF54773709CF473479512928DDA7F19F594AA65FDE6D16B8C997900A985BF214D2B7712D01F5C361CA26937A3EB6817A9AC914F5C8E04C1B0F9806704FFD4CF295B215BD85CD5859672C8244096A14B8C9432493D41EB7D7D3917D2722E2C43454D07E7FA34B82289502925EDDC464ECD5B8AA16B674000B52AC3F358CE8F48F4417A7E5BA044C279F083F97F5789F2EE60077FB68F87703FC5E931B407AF8EEDE0D1A4494D54614FC11A21CA170AC98B02F417E73C89098392B9B8EE4238452C1AF836807ADCBFE6FD4A8378F5BAAA2BAE8618339855',
35 silly fetchPackageMetaData      exponent: '0x10001',
35 silly fetchPackageMetaData      valid_from: 'Sep 11 20:02:01 2014 GMT',
35 silly fetchPackageMetaData      valid_to: 'Sep 11 20:02:01 2017 GMT',
35 silly fetchPackageMetaData      fingerprint: 'A2:B7:71:0A:1C:49:73:51:71:78:87:9F:8A:26:A3:F5:25:7F:72:7A',
35 silly fetchPackageMetaData      ext_key_usage: [ '1.3.6.1.5.5.7.3.1', '1.3.6.1.5.5.7.3.2' ],
35 silly fetchPackageMetaData      serialNumber: '2B8E026F8872EF',
35 silly fetchPackageMetaData      raw: <Buffer 30 82 05 1a 30 82 04 02 a0 03 02 01 02 02 07 2b 8e 02 6f 88 72 ef 30 0d 06 09 2a 86 48 86 f7 0d 01 01 0b 05 00 30 81 b4 31 0b 30 09 06 03 55 04 06 13 ... > } }
36 silly rollbackFailedOptional Starting
37 silly rollbackFailedOptional Finishing
38 silly runTopLevelLifecycles Starting
39 silly runTopLevelLifecycles Finishing
40 silly install printInstalled
41 verbose stack Error: Hostname/IP doesn't match certificate's altnames: "Host: registry.npmjs.org. is not in the cert's altnames: DNS:*.row44.com, DNS:row44.com"
41 verbose stack     at Object.checkServerIdentity (tls.js:201:15)
41 verbose stack     at TLSSocket.<anonymous> (_tls_wrap.js:1050:29)
41 verbose stack     at emitNone (events.js:67:13)
41 verbose stack     at TLSSocket.emit (events.js:166:7)
41 verbose stack     at TLSSocket._finishInit (_tls_wrap.js:581:8)
42 verbose cwd /Users/Andreas-air/Documents/github/maukasta-keittioremontti
43 error Darwin 15.2.0
44 error argv "/usr/local/bin/node" "/usr/local/bin/npm" "install"
45 error node v5.0.0
46 error npm  v3.3.6
47 error Hostname/IP doesn't match certificate's altnames: "Host: registry.npmjs.org. is not in the cert's altnames: DNS:*.row44.com, DNS:row44.com"
48 error If you need help, you may report this error at:
48 error     <https://github.com/npm/npm/issues>
49 verbose exit [ 1, true ]
